<?xml version="1.0" encoding="UTF-8"?>
<!-- Generated by org.testng.reporters.JUnitXMLReporter -->
<testsuite ignored="1" hostname="DESKTOP-60U4M33" failures="0" tests="15" name="Surefire test" time="111.262" errors="0" timestamp="2023-12-16T19:58:15 IST">
  <testcase classname="com.seleniumjavaautomation.base.BasePage" name="@BeforeClass setUp" time="-1.702736784672E9">
    <failure type="org.testng.TestNGException" message="
Parameter &amp;apos;browser&amp;apos; is required by BeforeClass on method setUp but has not been marked @Optional or defined
">
      <![CDATA[org.testng.TestNGException: 
Parameter 'browser' is required by BeforeClass on method setUp but has not been marked @Optional or defined

at java.base/java.util.ArrayList.forEach(ArrayList.java:1511)
... Removed 27 stack frames]]>
    </failure>
  </testcase> <!-- @BeforeClass setUp -->
  <testcase classname="com.seleniumjavaautomation.base.BasePage" name="@AfterClass teatDown" time="0.0">
    <skipped/>
  </testcase> <!-- @AfterClass teatDown -->
  <testcase classname="com.seleniumjavaautomation.base.BasePage" name="@BeforeClass setUp" time="-1.702736784785E9">
    <failure type="org.testng.TestNGException" message="
Parameter &amp;apos;browser&amp;apos; is required by BeforeClass on method setUp but has not been marked @Optional or defined
">
      <![CDATA[org.testng.TestNGException: 
Parameter 'browser' is required by BeforeClass on method setUp but has not been marked @Optional or defined

at java.base/java.util.ArrayList.forEach(ArrayList.java:1511)
... Removed 27 stack frames]]>
    </failure>
  </testcase> <!-- @BeforeClass setUp -->
  <testcase classname="com.seleniumjavaautomation.base.BasePage" name="@AfterClass teatDown" time="0.0">
    <skipped/>
  </testcase> <!-- @AfterClass teatDown -->
  <testcase classname="com.seleniumjavaautomation.base.BasePage" name="@BeforeClass setUp" time="-1.702736784792E9">
    <failure type="org.testng.TestNGException" message="
Parameter &amp;apos;browser&amp;apos; is required by BeforeClass on method setUp but has not been marked @Optional or defined
">
      <![CDATA[org.testng.TestNGException: 
Parameter 'browser' is required by BeforeClass on method setUp but has not been marked @Optional or defined

at java.base/java.util.ArrayList.forEach(ArrayList.java:1511)
... Removed 27 stack frames]]>
    </failure>
  </testcase> <!-- @BeforeClass setUp -->
  <testcase classname="com.seleniumjavaautomation.base.BasePage" name="@AfterClass teatDown" time="0.0">
    <skipped/>
  </testcase> <!-- @AfterClass teatDown -->
  <testcase classname="com.seleniumjavaautomation.tests.JavascriptExecutorTests" name="testJSEPageTitle" time="0.0">
    <skipped/>
  </testcase> <!-- testJSEPageTitle -->
  <testcase classname="com.seleniumjavaautomation.tests.JavascriptExecutorTests" name="testJSEDomainName" time="0.0">
    <skipped/>
  </testcase> <!-- testJSEDomainName -->
  <testcase classname="com.seleniumjavaautomation.tests.JavascriptExecutorTests" name="testJSEAlertGenerate" time="0.0">
    <skipped/>
  </testcase> <!-- testJSEAlertGenerate -->
  <testcase classname="com.seleniumjavaautomation.tests.MouseHoverEventTest" name="testGeneratingMouseHover" time="0.0">
    <skipped/>
  </testcase> <!-- testGeneratingMouseHover -->
  <testcase classname="com.seleniumjavaautomation.tests.ObjRepoCalcTest" name="testObjRepoCalcTest" time="0.0">
    <skipped/>
  </testcase> <!-- testObjRepoCalcTest -->
  <testcase classname="org.seleniumjavaautomation.browserstest.BrowsersTest" name="testAppurl" time="5.851"/>
  <testcase classname="org.seleniumjavaautomation.browserstest.BrowsersTest" name="testElementEnabled" time="4.07"/>
  <testcase classname="org.seleniumjavaautomation.browserstest.BrowsersTest" name="testSampleCal" time="1.801"/>
  <testcase classname="org.seleniumjavaautomation.locators.ElementLocatorsTest" name="testCSSSelectorElementLoc" time="6.013"/>
  <testcase classname="org.seleniumjavaautomation.locators.ElementLocatorsTest" name="testClassNameElementLoc" time="2.169"/>
  <testcase classname="org.seleniumjavaautomation.locators.ElementLocatorsTest" name="testIDElementLoc" time="33.195"/>
  <testcase classname="org.seleniumjavaautomation.locators.ElementLocatorsTest" name="testNameElementLoc" time="2.213"/>
  <testcase classname="org.seleniumjavaautomation.locators.ElementLocatorsTest" name="testXpathElementLoc" time="1.091"/>
  <testcase classname="org.seleniumjavaautomation.locators.ElementLocatorsTest" name="testLinkTextElementLoc" time="3.443"/>
  <testcase classname="org.seleniumjavaautomation.locators.ElementLocatorsTest" name="testTagNameElementLoc" time="1.45"/>
  <testcase classname="org.seleniumjavaautomation.locators.ElementLocatorsTest" name="testSubmitButton" time="0.0">
    <ignored/>
  </testcase> <!-- testSubmitButton -->
</testsuite> <!-- Surefire test -->
