<!DOCTYPE html PUBLIC "-//W3C//DTD XHTML 1.1//EN" "https://www.w3.org/TR/xhtml11/DTD/xhtml11.dtd">
<html xmlns="https://www.w3.org/1999/xhtml">
<head>
<meta http-equiv="content-type" content="text/html; charset=UTF-8"/>
<title>TestNG Report</title>
<style type="text/css">table {margin-bottom:10px;border-collapse:collapse;empty-cells:show}th,td {border:1px solid #009;padding:.25em .5em}th {vertical-align:bottom}td {vertical-align:top}table a {font-weight:bold}.stripe td {background-color: #E6EBF9}.num {text-align:right}.passedodd td {background-color: #3F3}.passedeven td {background-color: #0A0}.skippedodd td {background-color: #DDD}.skippedeven td {background-color: #CCC}.failedodd td,.attn {background-color: #F33}.failedeven td,.stripe .attn {background-color: #D00}.stacktrace {white-space:pre;font-family:monospace}.totop {font-size:85%;text-align:center;border-bottom:2px solid #000}.invisible {display:none}</style>
</head>
<body>
<table>
<tr><th>Test</th><th># Passed</th><th># Skipped</th><th># Retried</th><th># Failed</th><th>Time (ms)</th><th>Included Groups</th><th>Excluded Groups</th></tr>
<tr><th colspan="8">Surefire suite</th></tr>
<tr><td><a href="#t0">Surefire test</a></td><td class="num">10</td><td class="num attn">5</td><td class="num">0</td><td class="num">0</td><td class="num">111,262</td><td></td><td></td></tr>
</table>
<table id='summary'><thead><tr><th>Class</th><th>Method</th><th>Start</th><th>Time (ms)</th></tr></thead><tbody><tr><th colspan="4">Surefire suite</th></tr></tbody><tbody id="t0"><tr><th colspan="4">Surefire test &#8212; failed (configuration methods)</th></tr><tr class="failedeven"><td rowspan="1">com.seleniumjavaautomation.tests.JavascriptExecutorTests</td><td><a href="#m0">setUp</a></td><td rowspan="1">1702736784672</td><td rowspan="1">-1702736784672</td></tr><tr class="failedodd"><td rowspan="1">com.seleniumjavaautomation.tests.MouseHoverEventTest</td><td><a href="#m1">setUp</a></td><td rowspan="1">1702736784785</td><td rowspan="1">-1702736784785</td></tr><tr class="failedeven"><td rowspan="1">com.seleniumjavaautomation.tests.ObjRepoCalcTest</td><td><a href="#m2">setUp</a></td><td rowspan="1">1702736784792</td><td rowspan="1">-1702736784792</td></tr><tr><th colspan="4">Surefire test &#8212; skipped (configuration methods)</th></tr><tr class="skippedeven"><td rowspan="1">com.seleniumjavaautomation.tests.JavascriptExecutorTests</td><td><a href="#m3">teatDown</a></td><td rowspan="1">1702736784783</td><td rowspan="1">0</td></tr><tr class="skippedodd"><td rowspan="1">com.seleniumjavaautomation.tests.MouseHoverEventTest</td><td><a href="#m4">teatDown</a></td><td rowspan="1">1702736784790</td><td rowspan="1">0</td></tr><tr class="skippedeven"><td rowspan="1">com.seleniumjavaautomation.tests.ObjRepoCalcTest</td><td><a href="#m5">teatDown</a></td><td rowspan="1">1702736784798</td><td rowspan="1">0</td></tr><tr><th colspan="4">Surefire test &#8212; skipped</th></tr><tr class="skippedeven"><td rowspan="3">com.seleniumjavaautomation.tests.JavascriptExecutorTests</td><td><a href="#m6">testJSEAlertGenerate</a></td><td rowspan="1">1702736784780</td><td rowspan="1">0</td></tr><tr class="skippedeven"><td><a href="#m7">testJSEDomainName</a></td><td rowspan="1">1702736784776</td><td rowspan="1">0</td></tr><tr class="skippedeven"><td><a href="#m8">testJSEPageTitle</a></td><td rowspan="1">1702736784765</td><td rowspan="1">0</td></tr><tr class="skippedodd"><td rowspan="1">com.seleniumjavaautomation.tests.MouseHoverEventTest</td><td><a href="#m9">testGeneratingMouseHover</a></td><td rowspan="1">1702736784788</td><td rowspan="1">0</td></tr><tr class="skippedeven"><td rowspan="1">com.seleniumjavaautomation.tests.ObjRepoCalcTest</td><td><a href="#m10">testObjRepoCalcTest</a></td><td rowspan="1">1702736784796</td><td rowspan="1">0</td></tr><tr><th colspan="4">Surefire test &#8212; passed</th></tr><tr class="passedeven"><td rowspan="3">org.seleniumjavaautomation.browserstest.BrowsersTest</td><td><a href="#m11">testAppurl</a></td><td rowspan="1">1702736797067</td><td rowspan="1">5851</td></tr><tr class="passedeven"><td><a href="#m12">testElementEnabled</a></td><td rowspan="1">1702736806476</td><td rowspan="1">4070</td></tr><tr class="passedeven"><td><a href="#m13">testSampleCal</a></td><td rowspan="1">1702736814196</td><td rowspan="1">1801</td></tr><tr class="passedodd"><td rowspan="7">org.seleniumjavaautomation.locators.ElementLocatorsTest</td><td><a href="#m14">testCSSSelectorElementLoc</a></td><td rowspan="1">1702736821867</td><td rowspan="1">6013</td></tr><tr class="passedodd"><td><a href="#m15">testClassNameElementLoc</a></td><td rowspan="1">1702736832320</td><td rowspan="1">2169</td></tr><tr class="passedodd"><td><a href="#m16">testIDElementLoc</a></td><td rowspan="1">1702736838144</td><td rowspan="1">33195</td></tr><tr class="passedodd"><td><a href="#m17">testLinkTextElementLoc</a></td><td rowspan="1">1702736885576</td><td rowspan="1">3443</td></tr><tr class="passedodd"><td><a href="#m18">testNameElementLoc</a></td><td rowspan="1">1702736874824</td><td rowspan="1">2213</td></tr><tr class="passedodd"><td><a href="#m19">testTagNameElementLoc</a></td><td rowspan="1">1702736892914</td><td rowspan="1">1450</td></tr><tr class="passedodd"><td><a href="#m20">testXpathElementLoc</a></td><td rowspan="1">1702736880565</td><td rowspan="1">1091</td></tr></tbody>
</table>
<h2>Surefire test</h2><h3 id="m0">com.seleniumjavaautomation.tests.JavascriptExecutorTests#setUp</h3><table class="result"><tr><th>Exception</th></tr><tr><td><div class="stacktrace">org.testng.TestNGException: 
Parameter &apos;browser&apos; is required by BeforeClass on method setUp but has not been marked @Optional or defined

	at java.base/java.util.ArrayList.forEach(ArrayList.java:1511)
... Removed 27 stack frames</div></td></tr></table><p class="totop"><a href="#summary">back to summary</a></p>
<h3 id="m1">com.seleniumjavaautomation.tests.MouseHoverEventTest#setUp</h3><table class="result"><tr><th>Exception</th></tr><tr><td><div class="stacktrace">org.testng.TestNGException: 
Parameter &apos;browser&apos; is required by BeforeClass on method setUp but has not been marked @Optional or defined

	at java.base/java.util.ArrayList.forEach(ArrayList.java:1511)
... Removed 27 stack frames</div></td></tr></table><p class="totop"><a href="#summary">back to summary</a></p>
<h3 id="m2">com.seleniumjavaautomation.tests.ObjRepoCalcTest#setUp</h3><table class="result"><tr><th>Exception</th></tr><tr><td><div class="stacktrace">org.testng.TestNGException: 
Parameter &apos;browser&apos; is required by BeforeClass on method setUp but has not been marked @Optional or defined

	at java.base/java.util.ArrayList.forEach(ArrayList.java:1511)
... Removed 27 stack frames</div></td></tr></table><p class="totop"><a href="#summary">back to summary</a></p>
<h3 id="m3">com.seleniumjavaautomation.tests.JavascriptExecutorTests#teatDown</h3><table class="result"><tr><th class="invisible"/></tr></table><p class="totop"><a href="#summary">back to summary</a></p>
<h3 id="m4">com.seleniumjavaautomation.tests.MouseHoverEventTest#teatDown</h3><table class="result"><tr><th class="invisible"/></tr></table><p class="totop"><a href="#summary">back to summary</a></p>
<h3 id="m5">com.seleniumjavaautomation.tests.ObjRepoCalcTest#teatDown</h3><table class="result"><tr><th class="invisible"/></tr></table><p class="totop"><a href="#summary">back to summary</a></p>
<h3 id="m6">com.seleniumjavaautomation.tests.JavascriptExecutorTests#testJSEAlertGenerate</h3><table class="result"><tr><th>Exception</th></tr><tr><td><div class="stacktrace">org.testng.TestNGException: 
Parameter &apos;browser&apos; is required by BeforeClass on method setUp but has not been marked @Optional or defined

	at java.base/java.util.ArrayList.forEach(ArrayList.java:1511)
... Removed 27 stack frames</div></td></tr></table><p class="totop"><a href="#summary">back to summary</a></p>
<h3 id="m7">com.seleniumjavaautomation.tests.JavascriptExecutorTests#testJSEDomainName</h3><table class="result"><tr><th>Exception</th></tr><tr><td><div class="stacktrace">org.testng.TestNGException: 
Parameter &apos;browser&apos; is required by BeforeClass on method setUp but has not been marked @Optional or defined

	at java.base/java.util.ArrayList.forEach(ArrayList.java:1511)
... Removed 27 stack frames</div></td></tr></table><p class="totop"><a href="#summary">back to summary</a></p>
<h3 id="m8">com.seleniumjavaautomation.tests.JavascriptExecutorTests#testJSEPageTitle</h3><table class="result"><tr><th>Exception</th></tr><tr><td><div class="stacktrace">org.testng.TestNGException: 
Parameter &apos;browser&apos; is required by BeforeClass on method setUp but has not been marked @Optional or defined

	at java.base/java.util.ArrayList.forEach(ArrayList.java:1511)
... Removed 27 stack frames</div></td></tr></table><p class="totop"><a href="#summary">back to summary</a></p>
<h3 id="m9">com.seleniumjavaautomation.tests.MouseHoverEventTest#testGeneratingMouseHover</h3><table class="result"><tr><th>Exception</th></tr><tr><td><div class="stacktrace">org.testng.TestNGException: 
Parameter &apos;browser&apos; is required by BeforeClass on method setUp but has not been marked @Optional or defined

	at java.base/java.util.ArrayList.forEach(ArrayList.java:1511)
... Removed 27 stack frames</div></td></tr></table><p class="totop"><a href="#summary">back to summary</a></p>
<h3 id="m10">com.seleniumjavaautomation.tests.ObjRepoCalcTest#testObjRepoCalcTest</h3><table class="result"><tr><th>Exception</th></tr><tr><td><div class="stacktrace">org.testng.TestNGException: 
Parameter &apos;browser&apos; is required by BeforeClass on method setUp but has not been marked @Optional or defined

	at java.base/java.util.ArrayList.forEach(ArrayList.java:1511)
... Removed 27 stack frames</div></td></tr></table><p class="totop"><a href="#summary">back to summary</a></p>
<h3 id="m11">org.seleniumjavaautomation.browserstest.BrowsersTest#testAppurl</h3><table class="result"><tr><th class="invisible"/></tr></table><p class="totop"><a href="#summary">back to summary</a></p>
<h3 id="m12">org.seleniumjavaautomation.browserstest.BrowsersTest#testElementEnabled</h3><table class="result"><tr><th class="invisible"/></tr></table><p class="totop"><a href="#summary">back to summary</a></p>
<h3 id="m13">org.seleniumjavaautomation.browserstest.BrowsersTest#testSampleCal</h3><table class="result"><tr><th class="invisible"/></tr></table><p class="totop"><a href="#summary">back to summary</a></p>
<h3 id="m14">org.seleniumjavaautomation.locators.ElementLocatorsTest#testCSSSelectorElementLoc</h3><table class="result"><tr><th class="invisible"/></tr></table><p class="totop"><a href="#summary">back to summary</a></p>
<h3 id="m15">org.seleniumjavaautomation.locators.ElementLocatorsTest#testClassNameElementLoc</h3><table class="result"><tr><th class="invisible"/></tr></table><p class="totop"><a href="#summary">back to summary</a></p>
<h3 id="m16">org.seleniumjavaautomation.locators.ElementLocatorsTest#testIDElementLoc</h3><table class="result"><tr><th class="invisible"/></tr></table><p class="totop"><a href="#summary">back to summary</a></p>
<h3 id="m17">org.seleniumjavaautomation.locators.ElementLocatorsTest#testLinkTextElementLoc</h3><table class="result"><tr><th class="invisible"/></tr></table><p class="totop"><a href="#summary">back to summary</a></p>
<h3 id="m18">org.seleniumjavaautomation.locators.ElementLocatorsTest#testNameElementLoc</h3><table class="result"><tr><th class="invisible"/></tr></table><p class="totop"><a href="#summary">back to summary</a></p>
<h3 id="m19">org.seleniumjavaautomation.locators.ElementLocatorsTest#testTagNameElementLoc</h3><table class="result"><tr><th class="invisible"/></tr></table><p class="totop"><a href="#summary">back to summary</a></p>
<h3 id="m20">org.seleniumjavaautomation.locators.ElementLocatorsTest#testXpathElementLoc</h3><table class="result"><tr><th class="invisible"/></tr></table><p class="totop"><a href="#summary">back to summary</a></p>
</body>
</html>
