<?xml version="1.0" encoding="UTF-8"?>
<!-- Generated by org.testng.reporters.JUnitReportReporter -->
<testsuite hostname="DESKTOP-60U4M33" failures="0" tests="2" name="com.seleniumjavaautomation.tests.ReadingPieChartToolTipValue" time="6.708" errors="2" timestamp="2023-12-16T13:03:40 IST" skipped="0">
  <testcase classname="com.seleniumjavaautomation.tests.ReadingPieChartToolTipValue" name="teatDown" time="0.489">
    <error message="Cannot invoke &quot;org.monte.screenrecorder.ScreenRecorder.stop()&quot; because &quot;com.seleniumjavaautomation.utility.MyScreenRecorder.screenRecorder&quot; is null" type="java.lang.NullPointerException">
      <![CDATA[java.lang.NullPointerException: Cannot invoke "org.monte.screenrecorder.ScreenRecorder.stop()" because "com.seleniumjavaautomation.utility.MyScreenRecorder.screenRecorder" is null
at com.seleniumjavaautomation.utility.MyScreenRecorder.stopRecording(MyScreenRecorder.java:80)
at com.seleniumjavaautomation.base.BasePage.teatDown(BasePage.java:151)
at java.base/jdk.internal.reflect.NativeMethodAccessorImpl.invoke0(Native Method)
at java.base/jdk.internal.reflect.NativeMethodAccessorImpl.invoke(NativeMethodAccessorImpl.java:77)
at java.base/jdk.internal.reflect.DelegatingMethodAccessorImpl.invoke(DelegatingMethodAccessorImpl.java:43)
at java.base/java.lang.reflect.Method.invoke(Method.java:568)
at org.testng.internal.invokers.MethodInvocationHelper.invokeMethod(MethodInvocationHelper.java:139)
at org.testng.internal.invokers.MethodInvocationHelper.invokeMethodConsideringTimeout(MethodInvocationHelper.java:69)
at org.testng.internal.invokers.ConfigInvoker.invokeConfigurationMethod(ConfigInvoker.java:390)
at org.testng.internal.invokers.ConfigInvoker.invokeConfigurations(ConfigInvoker.java:325)
at org.testng.internal.invokers.TestMethodWorker.invokeAfterClassConfigurations(TestMethodWorker.java:229)
at org.testng.internal.invokers.TestMethodWorker.invokeAfterClassMethods(TestMethodWorker.java:215)
at org.testng.internal.invokers.TestMethodWorker.run(TestMethodWorker.java:131)
at java.base/java.util.ArrayList.forEach(ArrayList.java:1511)
at org.testng.TestRunner.privateRun(TestRunner.java:848)
at org.testng.TestRunner.run(TestRunner.java:621)
at org.testng.SuiteRunner.runTest(SuiteRunner.java:443)
at org.testng.SuiteRunner.runSequentially(SuiteRunner.java:437)
at org.testng.SuiteRunner.privateRun(SuiteRunner.java:397)
at org.testng.SuiteRunner.run(SuiteRunner.java:336)
at org.testng.SuiteRunnerWorker.runSuite(SuiteRunnerWorker.java:52)
at org.testng.SuiteRunnerWorker.run(SuiteRunnerWorker.java:95)
at org.testng.TestNG.runSuitesSequentially(TestNG.java:1280)
at org.testng.TestNG.runSuitesLocally(TestNG.java:1200)
at org.testng.TestNG.runSuites(TestNG.java:1114)
at org.testng.TestNG.run(TestNG.java:1082)
at org.testng.remote.AbstractRemoteTestNG.run(AbstractRemoteTestNG.java:115)
at org.testng.remote.RemoteTestNG.initAndRun(RemoteTestNG.java:251)
at org.testng.remote.RemoteTestNG.main(RemoteTestNG.java:77)
]]>
    </error>
  </testcase> <!-- teatDown -->
  <testcase classname="com.seleniumjavaautomation.tests.ReadingPieChartToolTipValue" name="testReadingPieChartToolTipValue" time="6.219">
    <error message="element click intercepted: Element &lt;svg:path id=&quot;yui_3_17_2_1_1702712015249_21_0_1&quot; pointer-events=&quot;visiblePainted&quot; shape-rendering=&quot;auto&quot; d=&quot; M200, 200 L399.99, 198.1 Q399.95, 194.29, 399.77, 190.48z&quot; fill=&quot;#a86f41&quot; fill-opacity=&quot;1&quot; stroke=&quot;none&quot; transform=&quot;matrix(1,0,0,1,0,0)&quot; class=&quot;yui3-shape yui3-svgShape yui3-svgPieSlice yui3-svgSvgPieSlice yui3-seriesmarker&quot;&gt;&lt;/svg:path&gt; is not clickable at point (418, 504). Other element would receive the click: &lt;svg:path id=&quot;yui_3_17_2_1_1702712015249_21_0_0&quot; pointer-events=&quot;visiblePainted&quot; shape-rendering=&quot;auto&quot; d=&quot; M200, 200 L399.77, 190.48 Q395.96, 110.51, 338.02, 55.25, 280.07, 0, 200, 0z&quot; fill=&quot;#66007f&quot; fill-opacity=&quot;1&quot; stroke=&quot;none&quot; transform=&quot;matrix(1,0,0,1,0,0)&quot; class=&quot;yui3-shape yui3-svgShape yui3-svgPieSlice yui3-svgSvgPieSlice yui3-seriesmarker&quot;&gt;&lt;/svg:path&gt;
  (Session info: chrome=120.0.6099.72)
Build info: version: &#039;4.11.0&#039;, revision: &#039;040bc5406b&#039;
System info: os.name: &#039;Windows 10&#039;, os.arch: &#039;amd64&#039;, os.version: &#039;10.0&#039;, java.version: &#039;17.0.6&#039;
Driver info: org.openqa.selenium.chrome.ChromeDriver
Command: [fc6f5def073fcd542b2b8f110bcac302, clickElement {id=B645AB28082DC82D555237D38F7BCC30_element_24}]
Capabilities {acceptInsecureCerts: false, browserName: chrome, browserVersion: 120.0.6099.72, chrome: {chromedriverVersion: 120.0.6099.71 (9729082fe617..., userDataDir: C:\Users\krish\AppData\Loca...}, fedcm:accounts: true, goog:chromeOptions: {debuggerAddress: localhost:56288}, networkConnectionEnabled: false, pageLoadStrategy: normal, platformName: windows, proxy: Proxy(), se:cdp: ws://localhost:56288/devtoo..., se:cdpVersion: 120.0.6099.72, setWindowRect: true, strictFileInteractability: false, timeouts: {implicit: 0, pageLoad: 300000, script: 30000}, unhandledPromptBehavior: dismiss and notify, webauthn:extension:credBlob: true, webauthn:extension:largeBlob: true, webauthn:extension:minPinLength: true, webauthn:extension:prf: true, webauthn:virtualAuthenticators: true}
Element: [[ChromeDriver: chrome on windows (fc6f5def073fcd542b2b8f110bcac302)] -&gt; xpath: //*[contains(@class,&#039;yui3-svgSvgPieSlice&#039;)][@fill=&#039;#a86f41&#039;]]
Session ID: fc6f5def073fcd542b2b8f110bcac302" type="org.openqa.selenium.ElementClickInterceptedException">
      <![CDATA[org.openqa.selenium.ElementClickInterceptedException: element click intercepted: Element <svg:path id="yui_3_17_2_1_1702712015249_21_0_1" pointer-events="visiblePainted" shape-rendering="auto" d=" M200, 200 L399.99, 198.1 Q399.95, 194.29, 399.77, 190.48z" fill="#a86f41" fill-opacity="1" stroke="none" transform="matrix(1,0,0,1,0,0)" class="yui3-shape yui3-svgShape yui3-svgPieSlice yui3-svgSvgPieSlice yui3-seriesmarker"></svg:path> is not clickable at point (418, 504). Other element would receive the click: <svg:path id="yui_3_17_2_1_1702712015249_21_0_0" pointer-events="visiblePainted" shape-rendering="auto" d=" M200, 200 L399.77, 190.48 Q395.96, 110.51, 338.02, 55.25, 280.07, 0, 200, 0z" fill="#66007f" fill-opacity="1" stroke="none" transform="matrix(1,0,0,1,0,0)" class="yui3-shape yui3-svgShape yui3-svgPieSlice yui3-svgSvgPieSlice yui3-seriesmarker"></svg:path>
  (Session info: chrome=120.0.6099.72)
Build info: version: '4.11.0', revision: '040bc5406b'
System info: os.name: 'Windows 10', os.arch: 'amd64', os.version: '10.0', java.version: '17.0.6'
Driver info: org.openqa.selenium.chrome.ChromeDriver
Command: [fc6f5def073fcd542b2b8f110bcac302, clickElement {id=B645AB28082DC82D555237D38F7BCC30_element_24}]
Capabilities {acceptInsecureCerts: false, browserName: chrome, browserVersion: 120.0.6099.72, chrome: {chromedriverVersion: 120.0.6099.71 (9729082fe617..., userDataDir: C:\Users\krish\AppData\Loca...}, fedcm:accounts: true, goog:chromeOptions: {debuggerAddress: localhost:56288}, networkConnectionEnabled: false, pageLoadStrategy: normal, platformName: windows, proxy: Proxy(), se:cdp: ws://localhost:56288/devtoo..., se:cdpVersion: 120.0.6099.72, setWindowRect: true, strictFileInteractability: false, timeouts: {implicit: 0, pageLoad: 300000, script: 30000}, unhandledPromptBehavior: dismiss and notify, webauthn:extension:credBlob: true, webauthn:extension:largeBlob: true, webauthn:extension:minPinLength: true, webauthn:extension:prf: true, webauthn:virtualAuthenticators: true}
Element: [[ChromeDriver: chrome on windows (fc6f5def073fcd542b2b8f110bcac302)] -> xpath: //*[contains(@class,'yui3-svgSvgPieSlice')][@fill='#a86f41']]
Session ID: fc6f5def073fcd542b2b8f110bcac302
at java.base/jdk.internal.reflect.NativeConstructorAccessorImpl.newInstance0(Native Method)
at java.base/jdk.internal.reflect.NativeConstructorAccessorImpl.newInstance(NativeConstructorAccessorImpl.java:77)
at java.base/jdk.internal.reflect.DelegatingConstructorAccessorImpl.newInstance(DelegatingConstructorAccessorImpl.java:45)
at java.base/java.lang.reflect.Constructor.newInstanceWithCaller(Constructor.java:499)
at java.base/java.lang.reflect.Constructor.newInstance(Constructor.java:480)
at org.openqa.selenium.remote.codec.w3c.W3CHttpResponseCodec.createException(W3CHttpResponseCodec.java:200)
at org.openqa.selenium.remote.codec.w3c.W3CHttpResponseCodec.decode(W3CHttpResponseCodec.java:133)
at org.openqa.selenium.remote.codec.w3c.W3CHttpResponseCodec.decode(W3CHttpResponseCodec.java:52)
at org.openqa.selenium.remote.HttpCommandExecutor.execute(HttpCommandExecutor.java:191)
at org.openqa.selenium.remote.service.DriverCommandExecutor.invokeExecute(DriverCommandExecutor.java:196)
at org.openqa.selenium.remote.service.DriverCommandExecutor.execute(DriverCommandExecutor.java:171)
at org.openqa.selenium.remote.RemoteWebDriver.execute(RemoteWebDriver.java:518)
at org.openqa.selenium.remote.RemoteWebElement.execute(RemoteWebElement.java:224)
at org.openqa.selenium.remote.RemoteWebElement.click(RemoteWebElement.java:77)
at com.seleniumjavaautomation.tests.ReadingPieChartToolTipValue.testReadingPieChartToolTipValue(ReadingPieChartToolTipValue.java:48)
at java.base/jdk.internal.reflect.NativeMethodAccessorImpl.invoke0(Native Method)
at java.base/jdk.internal.reflect.NativeMethodAccessorImpl.invoke(NativeMethodAccessorImpl.java:77)
at java.base/jdk.internal.reflect.DelegatingMethodAccessorImpl.invoke(DelegatingMethodAccessorImpl.java:43)
at java.base/java.lang.reflect.Method.invoke(Method.java:568)
at org.testng.internal.invokers.MethodInvocationHelper.invokeMethod(MethodInvocationHelper.java:139)
at org.testng.internal.invokers.TestInvoker.invokeMethod(TestInvoker.java:664)
at org.testng.internal.invokers.TestInvoker.invokeTestMethod(TestInvoker.java:227)
at org.testng.internal.invokers.MethodRunner.runInSequence(MethodRunner.java:50)
at org.testng.internal.invokers.TestInvoker$MethodInvocationAgent.invoke(TestInvoker.java:957)
at org.testng.internal.invokers.TestInvoker.invokeTestMethods(TestInvoker.java:200)
at org.testng.internal.invokers.TestMethodWorker.invokeTestMethods(TestMethodWorker.java:148)
at org.testng.internal.invokers.TestMethodWorker.run(TestMethodWorker.java:128)
at java.base/java.util.ArrayList.forEach(ArrayList.java:1511)
at org.testng.TestRunner.privateRun(TestRunner.java:848)
at org.testng.TestRunner.run(TestRunner.java:621)
at org.testng.SuiteRunner.runTest(SuiteRunner.java:443)
at org.testng.SuiteRunner.runSequentially(SuiteRunner.java:437)
at org.testng.SuiteRunner.privateRun(SuiteRunner.java:397)
at org.testng.SuiteRunner.run(SuiteRunner.java:336)
at org.testng.SuiteRunnerWorker.runSuite(SuiteRunnerWorker.java:52)
at org.testng.SuiteRunnerWorker.run(SuiteRunnerWorker.java:95)
at org.testng.TestNG.runSuitesSequentially(TestNG.java:1280)
at org.testng.TestNG.runSuitesLocally(TestNG.java:1200)
at org.testng.TestNG.runSuites(TestNG.java:1114)
at org.testng.TestNG.run(TestNG.java:1082)
at org.testng.remote.AbstractRemoteTestNG.run(AbstractRemoteTestNG.java:115)
at org.testng.remote.RemoteTestNG.initAndRun(RemoteTestNG.java:251)
at org.testng.remote.RemoteTestNG.main(RemoteTestNG.java:77)
]]>
    </error>
  </testcase> <!-- testReadingPieChartToolTipValue -->
</testsuite> <!-- com.seleniumjavaautomation.tests.ReadingPieChartToolTipValue -->
